::1 - - [07/Mar/2021:22:35:54 +0800] "GET / HTTP/1.1" 200 14189
::1 - - [07/Mar/2021:22:36:03 +0800] "GET /cache/ HTTP/1.1" 404 196
::1 - - [07/Mar/2021:22:37:03 +0800] "-" 408 -
::1 - - [07/Mar/2021:22:39:44 +0800] "GET /cache/ HTTP/1.1" 200 520
::1 - - [07/Mar/2021:22:39:44 +0800] "GET /cache/offline.appcache HTTP/1.1" 200 68
::1 - - [07/Mar/2021:22:39:44 +0800] "GET /cache/script.js HTTP/1.1" 200 42
::1 - - [07/Mar/2021:22:39:56 +0800] "GET /cache/ HTTP/1.1" 304 -
::1 - - [07/Mar/2021:22:39:56 +0800] "GET /cache/offline.appcache HTTP/1.1" 200 68
::1 - - [07/Mar/2021:22:39:59 +0800] "GET /favicon.ico HTTP/1.1" 404 196
::1 - - [07/Mar/2021:22:40:12 +0800] "GET /cache/ HTTP/1.1" 200 520
::1 - - [07/Mar/2021:22:40:12 +0800] "GET /cache/offline.appcache HTTP/1.1" 200 68
::1 - - [07/Mar/2021:22:40:12 +0800] "GET /cache/script.js HTTP/1.1" 200 42
::1 - - [07/Mar/2021:22:40:56 +0800] "-" 408 -
::1 - - [07/Mar/2021:22:41:12 +0800] "-" 408 -
::1 - - [07/Mar/2021:22:41:58 +0800] "GET /cache/ HTTP/1.1" 304 -
::1 - - [07/Mar/2021:22:41:58 +0800] "GET /cache/offline.appcache HTTP/1.1" 200 68
::1 - - [07/Mar/2021:22:42:01 +0800] "GET /cache/ HTTP/1.1" 304 -
::1 - - [07/Mar/2021:22:42:01 +0800] "GET /cache/offline.appcache HTTP/1.1" 200 68
::1 - - [07/Mar/2021:22:42:02 +0800] "GET /cache/ HTTP/1.1" 304 -
::1 - - [07/Mar/2021:22:42:02 +0800] "GET /cache/offline.appcache HTTP/1.1" 200 68
::1 - - [07/Mar/2021:22:42:05 +0800] "GET /cache/ HTTP/1.1" 304 -
::1 - - [07/Mar/2021:22:42:05 +0800] "GET /cache/offline.appcache HTTP/1.1" 200 68
::1 - - [07/Mar/2021:22:42:06 +0800] "GET /cache/ HTTP/1.1" 304 -
::1 - - [07/Mar/2021:22:42:06 +0800] "GET /cache/offline.appcache HTTP/1.1" 200 68
::1 - - [07/Mar/2021:22:42:18 +0800] "GET /cache/ HTTP/1.1" 304 -
::1 - - [07/Mar/2021:22:42:18 +0800] "GET /cache/offline.appcache HTTP/1.1" 200 68
::1 - - [07/Mar/2021:22:42:41 +0800] "GET /cache/ HTTP/1.1" 304 -
::1 - - [07/Mar/2021:22:42:41 +0800] "GET /cache/offline.appcache HTTP/1.1" 200 68
::1 - - [07/Mar/2021:22:42:41 +0800] "GET /cache/ HTTP/1.1" 304 -
::1 - - [07/Mar/2021:22:42:41 +0800] "GET /cache/offline.appcache HTTP/1.1" 200 68
::1 - - [07/Mar/2021:22:42:42 +0800] "GET /cache/ HTTP/1.1" 304 -
::1 - - [07/Mar/2021:22:42:42 +0800] "GET /cache/offline.appcache HTTP/1.1" 200 68
::1 - - [07/Mar/2021:22:42:42 +0800] "GET /cache/ HTTP/1.1" 304 -
::1 - - [07/Mar/2021:22:42:42 +0800] "GET /cache/offline.appcache HTTP/1.1" 200 68
::1 - - [07/Mar/2021:22:42:42 +0800] "GET /cache/ HTTP/1.1" 304 -
::1 - - [07/Mar/2021:22:42:42 +0800] "GET /cache/offline.appcache HTTP/1.1" 200 68
::1 - - [07/Mar/2021:22:42:42 +0800] "GET /cache/ HTTP/1.1" 304 -
::1 - - [07/Mar/2021:22:42:42 +0800] "GET /cache/offline.appcache HTTP/1.1" 200 68
::1 - - [07/Mar/2021:22:42:42 +0800] "GET /cache/ HTTP/1.1" 304 -
::1 - - [07/Mar/2021:22:42:42 +0800] "GET /cache/offline.appcache HTTP/1.1" 200 68
::1 - - [07/Mar/2021:22:42:43 +0800] "GET /cache/ HTTP/1.1" 304 -
::1 - - [07/Mar/2021:22:42:43 +0800] "GET /cache/offline.appcache HTTP/1.1" 200 68
::1 - - [07/Mar/2021:22:42:43 +0800] "GET /cache/ HTTP/1.1" 304 -
::1 - - [07/Mar/2021:22:42:43 +0800] "GET /cache/offline.appcache HTTP/1.1" 200 68
::1 - - [07/Mar/2021:22:42:53 +0800] "GET /cache/ HTTP/1.1" 304 -
::1 - - [07/Mar/2021:22:42:53 +0800] "GET /cache/offline.appcache HTTP/1.1" 200 68
::1 - - [07/Mar/2021:22:43:06 +0800] "GET /cache/ HTTP/1.1" 200 520
::1 - - [07/Mar/2021:22:43:06 +0800] "GET /cache/offline.appcache HTTP/1.1" 200 68
::1 - - [07/Mar/2021:22:43:06 +0800] "GET /cache/script.js HTTP/1.1" 200 44
::1 - - [07/Mar/2021:22:44:17 +0800] "-" 408 -
::1 - - [07/Mar/2021:22:44:17 +0800] "-" 408 -
::1 - - [07/Mar/2021:22:45:40 +0800] "GET /cache/ HTTP/1.1" 304 -
::1 - - [07/Mar/2021:22:45:40 +0800] "GET /cache/script.js HTTP/1.1" 304 -
::1 - - [07/Mar/2021:22:45:40 +0800] "GET /cache/offline.appcache HTTP/1.1" 200 70
::1 - - [07/Mar/2021:22:45:47 +0800] "GET /cache/ HTTP/1.1" 200 520
::1 - - [07/Mar/2021:22:45:47 +0800] "GET /cache/offline.appcache HTTP/1.1" 200 70
::1 - - [07/Mar/2021:22:45:47 +0800] "GET /cache/script.js HTTP/1.1" 200 44
::1 - - [07/Mar/2021:22:45:55 +0800] "GET /cache/ HTTP/1.1" 304 -
::1 - - [07/Mar/2021:22:45:55 +0800] "GET /cache/offline.appcache HTTP/1.1" 200 70
::1 - - [07/Mar/2021:22:46:55 +0800] "-" 408 -
::1 - - [07/Mar/2021:22:47:13 +0800] "GET /cache/ HTTP/1.1" 304 -
::1 - - [07/Mar/2021:22:47:13 +0800] "GET /cache/script.js HTTP/1.1" 304 -
::1 - - [07/Mar/2021:22:47:13 +0800] "GET /cache/offline.appcache HTTP/1.1" 200 33
::1 - - [07/Mar/2021:22:47:27 +0800] "GET /cache/ HTTP/1.1" 200 520
::1 - - [07/Mar/2021:22:47:27 +0800] "GET /cache/offline.appcache HTTP/1.1" 200 33
::1 - - [07/Mar/2021:22:47:27 +0800] "GET /cache/script.js HTTP/1.1" 200 44
::1 - - [07/Mar/2021:22:47:36 +0800] "GET /cache/offline.appcache HTTP/1.1" 304 -
::1 - - [07/Mar/2021:22:48:36 +0800] "-" 408 -
::1 - - [08/Mar/2021:22:34:20 +0800] "GET /cache HTTP/1.1" 301 231
::1 - - [08/Mar/2021:22:34:20 +0800] "GET /cache/ HTTP/1.1" 304 -
::1 - - [08/Mar/2021:22:34:20 +0800] "GET /cache/offline.appcache HTTP/1.1" 200 66
::1 - - [08/Mar/2021:22:34:20 +0800] "GET /cache/script.js HTTP/1.1" 304 -
::1 - - [08/Mar/2021:22:34:22 +0800] "GET /favicon.ico HTTP/1.1" 404 196
::1 - - [08/Mar/2021:22:35:16 +0800] "GET /favicon.ico HTTP/1.1" 404 196
::1 - - [08/Mar/2021:22:35:29 +0800] "GET /cache/ HTTP/1.1" 304 -
::1 - - [08/Mar/2021:22:35:29 +0800] "GET /cache/offline.appcache HTTP/1.1" 200 66
::1 - - [08/Mar/2021:22:36:29 +0800] "-" 408 -
::1 - - [08/Mar/2021:22:37:01 +0800] "GET /cache/offline.appcache HTTP/1.1" 200 66
::1 - - [08/Mar/2021:22:38:01 +0800] "-" 408 -
